[debug] [2025-08-08T00:12:24.532Z] ----------------------------------------------------------------------
[debug] [2025-08-08T00:12:24.534Z] Command:       /usr/local/share/nvm/versions/node/v22.17.0/bin/node /home/codespace/nvm/current/bin/firebase init
[debug] [2025-08-08T00:12:24.534Z] CLI Version:   14.12.0
[debug] [2025-08-08T00:12:24.534Z] Platform:      linux
[debug] [2025-08-08T00:12:24.534Z] Node Version:  v22.17.0
[debug] [2025-08-08T00:12:24.535Z] Time:          Fri Aug 08 2025 00:12:24 GMT+0000 (Coordinated Universal Time)
[debug] [2025-08-08T00:12:24.535Z] Env Overrides: GITHUB_API_URL, GITHUB_API_URL
[debug] [2025-08-08T00:12:24.535Z] ----------------------------------------------------------------------
[debug] 
[debug] [2025-08-08T00:12:24.539Z] > command requires scopes: ["email","openid","https://www.googleapis.com/auth/cloudplatformprojects.readonly","https://www.googleapis.com/auth/firebase","https://www.googleapis.com/auth/cloud-platform"]
[debug] [2025-08-08T00:12:24.539Z] > authorizing via signed-in user (infinitycoderscol@gmail.com)
[info] 
     ######## #### ########  ######## ########     ###     ######  ########
     ##        ##  ##     ## ##       ##     ##  ##   ##  ##       ##
     ######    ##  ########  ######   ########  #########  ######  ######
     ##        ##  ##    ##  ##       ##     ## ##     ##       ## ##
     ##       #### ##     ## ######## ########  ##     ##  ######  ########

You're about to initialize a Firebase project in this directory:

  /workspaces/infinitycoders-tinder-app

Before we get started, keep in mind:

  * You are currently outside your home directory

[info] 
=== Project Setup
[info] 
[info] First, let's associate this project directory with a Firebase project.
[info] You can create multiple project aliases by running firebase use --add, 
[info] but for now we'll just set up a default project.
[info] 
[debug] [2025-08-08T00:14:26.933Z] Checked if tokens are valid: true, expires at: 1754615451343
[debug] [2025-08-08T00:14:26.933Z] Checked if tokens are valid: true, expires at: 1754615451343
[debug] [2025-08-08T00:14:26.934Z] >>> [apiv2][query] GET https://firebase.googleapis.com/v1beta1/projects pageSize=100
[debug] [2025-08-08T00:14:27.202Z] <<< [apiv2][status] GET https://firebase.googleapis.com/v1beta1/projects 200
[debug] [2025-08-08T00:14:27.202Z] <<< [apiv2][body] GET https://firebase.googleapis.com/v1beta1/projects [omitted]
[info] i  Using project infinitycoders-ed9b4 (InfinityCoders) 
[info] 
=== Firestore Setup
[info] i  firestore: ensuring required API firestore.googleapis.com is enabled... 
[debug] [2025-08-08T00:14:29.903Z] Checked if tokens are valid: true, expires at: 1754615451343
[debug] [2025-08-08T00:14:29.903Z] Checked if tokens are valid: true, expires at: 1754615451343
[debug] [2025-08-08T00:14:29.903Z] >>> [apiv2][query] GET https://serviceusage.googleapis.com/v1/projects/infinitycoders-ed9b4/services/firestore.googleapis.com [none]
[debug] [2025-08-08T00:14:29.903Z] >>> [apiv2][(partial)header] GET https://serviceusage.googleapis.com/v1/projects/infinitycoders-ed9b4/services/firestore.googleapis.com x-goog-quota-user=projects/infinitycoders-ed9b4
[debug] [2025-08-08T00:14:30.313Z] <<< [apiv2][status] GET https://serviceusage.googleapis.com/v1/projects/infinitycoders-ed9b4/services/firestore.googleapis.com 200
[debug] [2025-08-08T00:14:30.313Z] <<< [apiv2][body] GET https://serviceusage.googleapis.com/v1/projects/infinitycoders-ed9b4/services/firestore.googleapis.com [omitted]
[info] ✔  firestore: required API firestore.googleapis.com is enabled 
[debug] [2025-08-08T00:14:30.316Z] Checked if tokens are valid: true, expires at: 1754615451343
[debug] [2025-08-08T00:14:30.316Z] Checked if tokens are valid: true, expires at: 1754615451343
[debug] [2025-08-08T00:14:30.316Z] >>> [apiv2][query] GET https://firestore.googleapis.com/v1/projects/infinitycoders-ed9b4/databases [none]
[debug] [2025-08-08T00:14:30.708Z] <<< [apiv2][status] GET https://firestore.googleapis.com/v1/projects/infinitycoders-ed9b4/databases 200
[debug] [2025-08-08T00:14:30.708Z] <<< [apiv2][body] GET https://firestore.googleapis.com/v1/projects/infinitycoders-ed9b4/databases {}
[debug] [2025-08-08T00:14:30.709Z] Checked if tokens are valid: true, expires at: 1754615451343
[debug] [2025-08-08T00:14:30.709Z] Checked if tokens are valid: true, expires at: 1754615451343
[debug] [2025-08-08T00:14:30.709Z] >>> [apiv2][query] GET https://firestore.googleapis.com/v1/projects/infinitycoders-ed9b4/locations [none]
[debug] [2025-08-08T00:14:30.847Z] <<< [apiv2][status] GET https://firestore.googleapis.com/v1/projects/infinitycoders-ed9b4/locations 200
[debug] [2025-08-08T00:14:30.848Z] <<< [apiv2][body] GET https://firestore.googleapis.com/v1/projects/infinitycoders-ed9b4/locations {"locations":[{"name":"projects/infinitycoders-ed9b4/locations/eur3","labels":{"appengine.googleapis.com/geo":"europe-west","cloud.googleapis.com/location":"eur3","cloud.googleapis.com/geo":"eur3"},"metadata":{"@type":"type.googleapis.com/google.firestore.admin.v1.LocationMetadata"},"locationId":"eur3","displayName":"Europe"},{"name":"projects/infinitycoders-ed9b4/locations/nam5","labels":{"appengine.googleapis.com/geo":"us-central","cloud.googleapis.com/location":"nam5","cloud.googleapis.com/geo":"nam5"},"metadata":{"@type":"type.googleapis.com/google.firestore.admin.v1.LocationMetadata"},"locationId":"nam5","displayName":"United States"},{"name":"projects/infinitycoders-ed9b4/locations/nam7","labels":{"cloud.googleapis.com/location":"nam7","cloud.googleapis.com/geo":"nam7"},"metadata":{"@type":"type.googleapis.com/google.firestore.admin.v1.LocationMetadata"},"locationId":"nam7","displayName":"United States"},{"name":"projects/infinitycoders-ed9b4/locations/africa-south1","labels":{"cloud.googleapis.com/location":"africa-south1","cloud.googleapis.com/region":"africa-south1"},"metadata":{"@type":"type.googleapis.com/google.firestore.admin.v1.LocationMetadata"},"locationId":"africa-south1","displayName":"Johannesburg"},{"name":"projects/infinitycoders-ed9b4/locations/asia-east1","labels":{"appengine.googleapis.com/region":"asia-east1","cloud.googleapis.com/location":"asia-east1","cloud.googleapis.com/region":"asia-east1"},"metadata":{"@type":"type.googleapis.com/google.firestore.admin.v1.LocationMetadata"},"locationId":"asia-east1","displayName":"Taiwan"},{"name":"projects/infinitycoders-ed9b4/locations/asia-east2","labels":{"appengine.googleapis.com/region":"asia-east2","cloud.googleapis.com/location":"asia-east2","cloud.googleapis.com/region":"asia-east2"},"metadata":{"@type":"type.googleapis.com/google.firestore.admin.v1.LocationMetadata"},"locationId":"asia-east2","displayName":"Hong Kong"},{"name":"projects/infinitycoders-ed9b4/locations/asia-northeast1","labels":{"appengine.googleapis.com/region":"asia-northeast1","cloud.googleapis.com/location":"asia-northeast1","cloud.googleapis.com/region":"asia-northeast1"},"metadata":{"@type":"type.googleapis.com/google.firestore.admin.v1.LocationMetadata"},"locationId":"asia-northeast1","displayName":"Tokyo"},{"name":"projects/infinitycoders-ed9b4/locations/asia-northeast2","labels":{"appengine.googleapis.com/region":"asia-northeast2","cloud.googleapis.com/location":"asia-northeast2","cloud.googleapis.com/region":"asia-northeast2"},"metadata":{"@type":"type.googleapis.com/google.firestore.admin.v1.LocationMetadata"},"locationId":"asia-northeast2","displayName":"Osaka"},{"name":"projects/infinitycoders-ed9b4/locations/asia-northeast3","labels":{"appengine.googleapis.com/region":"asia-northeast3","cloud.googleapis.com/location":"asia-northeast3","cloud.googleapis.com/region":"asia-northeast3"},"metadata":{"@type":"type.googleapis.com/google.firestore.admin.v1.LocationMetadata"},"locationId":"asia-northeast3","displayName":"Seoul"},{"name":"projects/infinitycoders-ed9b4/locations/asia-south1","labels":{"appengine.googleapis.com/region":"asia-south1","cloud.googleapis.com/location":"asia-south1","cloud.googleapis.com/region":"asia-south1"},"metadata":{"@type":"type.googleapis.com/google.firestore.admin.v1.LocationMetadata"},"locationId":"asia-south1","displayName":"Mumbai"},{"name":"projects/infinitycoders-ed9b4/locations/asia-south2","labels":{"cloud.googleapis.com/location":"asia-south2","cloud.googleapis.com/region":"asia-south2"},"metadata":{"@type":"type.googleapis.com/google.firestore.admin.v1.LocationMetadata"},"locationId":"asia-south2","displayName":"Delhi"},{"name":"projects/infinitycoders-ed9b4/locations/asia-southeast1","labels":{"appengine.googleapis.com/region":"asia-southeast1","cloud.googleapis.com/location":"asia-southeast1","cloud.googleapis.com/region":"asia-southeast1"},"metadata":{"@type":"type.googleapis.com/google.firestore.admin.v1.LocationMetadata"},"locationId":"asia-southeast1","displayName":"Singapore"},{"name":"projects/infinitycoders-ed9b4/locations/asia-southeast2","labels":{"appengine.googleapis.com/region":"asia-southeast2","cloud.googleapis.com/location":"asia-southeast2","cloud.googleapis.com/region":"asia-southeast2"},"metadata":{"@type":"type.googleapis.com/google.firestore.admin.v1.LocationMetadata"},"locationId":"asia-southeast2","displayName":"Jakarta"},{"name":"projects/infinitycoders-ed9b4/locations/australia-southeast1","labels":{"appengine.googleapis.com/region":"australia-southeast1","cloud.googleapis.com/location":"australia-southeast1","cloud.googleapis.com/region":"australia-southeast1"},"metadata":{"@type":"type.googleapis.com/google.firestore.admin.v1.LocationMetadata"},"locationId":"australia-southeast1","displayName":"Sydney"},{"name":"projects/infinitycoders-ed9b4/locations/australia-southeast2","labels":{"cloud.googleapis.com/location":"australia-southeast2","cloud.googleapis.com/region":"australia-southeast2"},"metadata":{"@type":"type.googleapis.com/google.firestore.admin.v1.LocationMetadata"},"locationId":"australia-southeast2","displayName":"Melbourne"},{"name":"projects/infinitycoders-ed9b4/locations/europe-central2","labels":{"appengine.googleapis.com/region":"europe-central2","cloud.googleapis.com/location":"europe-central2","cloud.googleapis.com/region":"europe-central2"},"metadata":{"@type":"type.googleapis.com/google.firestore.admin.v1.LocationMetadata"},"locationId":"europe-central2","displayName":"Warsaw"},{"name":"projects/infinitycoders-ed9b4/locations/europe-north1","labels":{"cloud.googleapis.com/location":"europe-north1","cloud.googleapis.com/region":"europe-north1"},"metadata":{"@type":"type.googleapis.com/google.firestore.admin.v1.LocationMetadata"},"locationId":"europe-north1","displayName":"Finland"},{"name":"projects/infinitycoders-ed9b4/locations/europe-north2","labels":{"cloud.googleapis.com/location":"europe-north2","cloud.googleapis.com/region":"europe-north2"},"metadata":{"@type":"type.googleapis.com/google.firestore.admin.v1.LocationMetadata"},"locationId":"europe-north2","displayName":"Stockholm"},{"name":"projects/infinitycoders-ed9b4/locations/europe-southwest1","labels":{"cloud.googleapis.com/location":"europe-southwest1","cloud.googleapis.com/region":"europe-southwest1"},"metadata":{"@type":"type.googleapis.com/google.firestore.admin.v1.LocationMetadata"},"locationId":"europe-southwest1","displayName":"Madrid"},{"name":"projects/infinitycoders-ed9b4/locations/europe-west1","labels":{"cloud.googleapis.com/location":"europe-west1","cloud.googleapis.com/region":"europe-west1"},"metadata":{"@type":"type.googleapis.com/google.firestore.admin.v1.LocationMetadata"},"locationId":"europe-west1","displayName":"Belgium"},{"name":"projects/infinitycoders-ed9b4/locations/europe-west10","labels":{"cloud.googleapis.com/location":"europe-west10","cloud.googleapis.com/region":"europe-west10"},"metadata":{"@type":"type.googleapis.com/google.firestore.admin.v1.LocationMetadata"},"locationId":"europe-west10","displayName":"Berlin"},{"name":"projects/infinitycoders-ed9b4/locations/europe-west12","labels":{"cloud.googleapis.com/location":"europe-west12","cloud.googleapis.com/region":"europe-west12"},"metadata":{"@type":"type.googleapis.com/google.firestore.admin.v1.LocationMetadata"},"locationId":"europe-west12","displayName":"Turin"},{"name":"projects/infinitycoders-ed9b4/locations/europe-west2","labels":{"appengine.googleapis.com/region":"europe-west2","cloud.googleapis.com/location":"europe-west2","cloud.googleapis.com/region":"europe-west2"},"metadata":{"@type":"type.googleapis.com/google.firestore.admin.v1.LocationMetadata"},"locationId":"europe-west2","displayName":"London"},{"name":"projects/infinitycoders-ed9b4/locations/europe-west3","labels":{"appengine.googleapis.com/region":"europe-west3","cloud.googleapis.com/location":"europe-west3","cloud.googleapis.com/region":"europe-west3"},"metadata":{"@type":"type.googleapis.com/google.firestore.admin.v1.LocationMetadata"},"locationId":"europe-west3","displayName":"Frankfurt"},{"name":"projects/infinitycoders-ed9b4/locations/europe-west4","labels":{"cloud.googleapis.com/location":"europe-west4","cloud.googleapis.com/region":"europe-west4"},"metadata":{"@type":"type.googleapis.com/google.firestore.admin.v1.LocationMetadata"},"locationId":"europe-west4","displayName":"Netherlands"},{"name":"projects/infinitycoders-ed9b4/locations/europe-west6","labels":{"appengine.googleapis.com/region":"europe-west6","cloud.googleapis.com/location":"europe-west6","cloud.googleapis.com/region":"europe-west6"},"metadata":{"@type":"type.googleapis.com/google.firestore.admin.v1.LocationMetadata"},"locationId":"europe-west6","displayName":"Zurich"},{"name":"projects/infinitycoders-ed9b4/locations/europe-west8","labels":{"cloud.googleapis.com/location":"europe-west8","cloud.googleapis.com/region":"europe-west8"},"metadata":{"@type":"type.googleapis.com/google.firestore.admin.v1.LocationMetadata"},"locationId":"europe-west8","displayName":"Milan"},{"name":"projects/infinitycoders-ed9b4/locations/europe-west9","labels":{"cloud.googleapis.com/location":"europe-west9","cloud.googleapis.com/region":"europe-west9"},"metadata":{"@type":"type.googleapis.com/google.firestore.admin.v1.LocationMetadata"},"locationId":"europe-west9","displayName":"Paris"},{"name":"projects/infinitycoders-ed9b4/locations/me-central1","labels":{"cloud.googleapis.com/location":"me-central1","cloud.googleapis.com/region":"me-central1"},"metadata":{"@type":"type.googleapis.com/google.firestore.admin.v1.LocationMetadata"},"locationId":"me-central1","displayName":"Doha"},{"name":"projects/infinitycoders-ed9b4/locations/me-central2","labels":{"cloud.googleapis.com/location":"me-central2","cloud.googleapis.com/region":"me-central2"},"metadata":{"@type":"type.googleapis.com/google.firestore.admin.v1.LocationMetadata"},"locationId":"me-central2","displayName":"Dammam"},{"name":"projects/infinitycoders-ed9b4/locations/me-west1","labels":{"cloud.googleapis.com/location":"me-west1","cloud.googleapis.com/region":"me-west1"},"metadata":{"@type":"type.googleapis.com/google.firestore.admin.v1.LocationMetadata"},"locationId":"me-west1","displayName":"Tel Aviv"},{"name":"projects/infinitycoders-ed9b4/locations/northamerica-northeast1","labels":{"appengine.googleapis.com/region":"northamerica-northeast1","cloud.googleapis.com/location":"northamerica-northeast1","cloud.googleapis.com/region":"northamerica-northeast1"},"metadata":{"@type":"type.googleapis.com/google.firestore.admin.v1.LocationMetadata"},"locationId":"northamerica-northeast1","displayName":"Montréal"},{"name":"projects/infinitycoders-ed9b4/locations/northamerica-northeast2","labels":{"cloud.googleapis.com/location":"northamerica-northeast2","cloud.googleapis.com/region":"northamerica-northeast2"},"metadata":{"@type":"type.googleapis.com/google.firestore.admin.v1.LocationMetadata"},"locationId":"northamerica-northeast2","displayName":"Toronto"},{"name":"projects/infinitycoders-ed9b4/locations/northamerica-south1","labels":{"cloud.googleapis.com/location":"northamerica-south1","cloud.googleapis.com/region":"northamerica-south1"},"metadata":{"@type":"type.googleapis.com/google.firestore.admin.v1.LocationMetadata"},"locationId":"northamerica-south1","displayName":"Mexico"},{"name":"projects/infinitycoders-ed9b4/locations/southamerica-east1","labels":{"appengine.googleapis.com/region":"southamerica-east1","cloud.googleapis.com/location":"southamerica-east1","cloud.googleapis.com/region":"southamerica-east1"},"metadata":{"@type":"type.googleapis.com/google.firestore.admin.v1.LocationMetadata"},"locationId":"southamerica-east1","displayName":"São Paulo"},{"name":"projects/infinitycoders-ed9b4/locations/southamerica-west1","labels":{"cloud.googleapis.com/location":"southamerica-west1","cloud.googleapis.com/region":"southamerica-west1"},"metadata":{"@type":"type.googleapis.com/google.firestore.admin.v1.LocationMetadata"},"locationId":"southamerica-west1","displayName":"Santiago"},{"name":"projects/infinitycoders-ed9b4/locations/us-central1","labels":{"cloud.googleapis.com/location":"us-central1","cloud.googleapis.com/region":"us-central1"},"metadata":{"@type":"type.googleapis.com/google.firestore.admin.v1.LocationMetadata"},"locationId":"us-central1","displayName":"Iowa"},{"name":"projects/infinitycoders-ed9b4/locations/us-east1","labels":{"appengine.googleapis.com/region":"us-east1","cloud.googleapis.com/location":"us-east1","cloud.googleapis.com/region":"us-east1"},"metadata":{"@type":"type.googleapis.com/google.firestore.admin.v1.LocationMetadata"},"locationId":"us-east1","displayName":"South Carolina"},{"name":"projects/infinitycoders-ed9b4/locations/us-east4","labels":{"appengine.googleapis.com/region":"us-east4","cloud.googleapis.com/location":"us-east4","cloud.googleapis.com/region":"us-east4"},"metadata":{"@type":"type.googleapis.com/google.firestore.admin.v1.LocationMetadata"},"locationId":"us-east4","displayName":"Northern Virginia"},{"name":"projects/infinitycoders-ed9b4/locations/us-east5","labels":{"cloud.googleapis.com/location":"us-east5","cloud.googleapis.com/region":"us-east5"},"metadata":{"@type":"type.googleapis.com/google.firestore.admin.v1.LocationMetadata"},"locationId":"us-east5","displayName":"Columbus"},{"name":"projects/infinitycoders-ed9b4/locations/us-south1","labels":{"cloud.googleapis.com/location":"us-south1","cloud.googleapis.com/region":"us-south1"},"metadata":{"@type":"type.googleapis.com/google.firestore.admin.v1.LocationMetadata"},"locationId":"us-south1","displayName":"Dallas"},{"name":"projects/infinitycoders-ed9b4/locations/us-west1","labels":{"appengine.googleapis.com/region":"us-west1","cloud.googleapis.com/location":"us-west1","cloud.googleapis.com/region":"us-west1"},"metadata":{"@type":"type.googleapis.com/google.firestore.admin.v1.LocationMetadata"},"locationId":"us-west1","displayName":"Oregon"},{"name":"projects/infinitycoders-ed9b4/locations/us-west2","labels":{"appengine.googleapis.com/region":"us-west2","cloud.googleapis.com/location":"us-west2","cloud.googleapis.com/region":"us-west2"},"metadata":{"@type":"type.googleapis.com/google.firestore.admin.v1.LocationMetadata"},"locationId":"us-west2","displayName":"Los Angeles"},{"name":"projects/infinitycoders-ed9b4/locations/us-west3","labels":{"appengine.googleapis.com/region":"us-west3","cloud.googleapis.com/location":"us-west3","cloud.googleapis.com/region":"us-west3"},"metadata":{"@type":"type.googleapis.com/google.firestore.admin.v1.LocationMetadata"},"locationId":"us-west3","displayName":"Salt Lake City"},{"name":"projects/infinitycoders-ed9b4/locations/us-west4","labels":{"appengine.googleapis.com/region":"us-west4","cloud.googleapis.com/location":"us-west4","cloud.googleapis.com/region":"us-west4"},"metadata":{"@type":"type.googleapis.com/google.firestore.admin.v1.LocationMetadata"},"locationId":"us-west4","displayName":"Las Vegas"},{"name":"projects/infinitycoders-ed9b4/locations/us-west8","labels":{"cloud.googleapis.com/location":"us-west8","cloud.googleapis.com/region":"us-west8"},"metadata":{"@type":"type.googleapis.com/google.firestore.admin.v1.LocationMetadata"},"locationId":"us-west8","displayName":"Phoenix"}]}
[info] 
[info] Firestore Security Rules allow you to define how and when to allow
[info] requests. You can keep these rules in your project directory
[info] and publish them with firebase deploy.
[info] 
[debug] [2025-08-08T00:14:57.526Z] Checked if tokens are valid: true, expires at: 1754615451343
[debug] [2025-08-08T00:14:57.526Z] Checked if tokens are valid: true, expires at: 1754615451343
[debug] [2025-08-08T00:14:57.527Z] >>> [apiv2][query] GET https://firebaserules.googleapis.com/v1/projects/infinitycoders-ed9b4/releases pageSize=10&pageToken=
[debug] [2025-08-08T00:14:57.653Z] <<< [apiv2][status] GET https://firebaserules.googleapis.com/v1/projects/infinitycoders-ed9b4/releases 200
[debug] [2025-08-08T00:14:57.653Z] <<< [apiv2][body] GET https://firebaserules.googleapis.com/v1/projects/infinitycoders-ed9b4/releases {}
[info] 
[info] Firestore indexes allow you to perform complex queries while
[info] maintaining performance that scales with the size of the result
[info] set. You can keep index definitions in your project directory
[info] and publish them with firebase deploy.
[info] 
[debug] [2025-08-08T00:15:01.225Z] Checked if tokens are valid: true, expires at: 1754615451343
[debug] [2025-08-08T00:15:01.226Z] Checked if tokens are valid: true, expires at: 1754615451343
[debug] [2025-08-08T00:15:01.226Z] Checked if tokens are valid: true, expires at: 1754615451343
[debug] [2025-08-08T00:15:01.226Z] Checked if tokens are valid: true, expires at: 1754615451343
[debug] [2025-08-08T00:15:01.226Z] >>> [apiv2][query] GET https://firestore.googleapis.com/v1/projects/infinitycoders-ed9b4/databases/(default)/collectionGroups/-/indexes [none]
[debug] [2025-08-08T00:15:01.228Z] >>> [apiv2][query] GET https://firestore.googleapis.com/v1/projects/infinitycoders-ed9b4/databases/(default)/collectionGroups/-/fields?filter=indexConfig.usesAncestorConfig=false OR ttlConfig:* [none]
[debug] [2025-08-08T00:15:01.350Z] <<< [apiv2][status] GET https://firestore.googleapis.com/v1/projects/infinitycoders-ed9b4/databases/(default)/collectionGroups/-/indexes 404
[debug] [2025-08-08T00:15:01.350Z] <<< [apiv2][body] GET https://firestore.googleapis.com/v1/projects/infinitycoders-ed9b4/databases/(default)/collectionGroups/-/indexes {"error":{"code":404,"message":"Project 'infinitycoders-ed9b4' or database '(default)' does not exist.","status":"NOT_FOUND"}}
[info] ✔  Wrote firestore.rules 
[info] ✔  Wrote firestore.indexes.json 
[debug] [2025-08-08T00:15:01.374Z] <<< [apiv2][status] GET https://firestore.googleapis.com/v1/projects/infinitycoders-ed9b4/databases/(default)/collectionGroups/-/fields?filter=indexConfig.usesAncestorConfig=false OR ttlConfig:* 404
[debug] [2025-08-08T00:15:01.375Z] <<< [apiv2][body] GET https://firestore.googleapis.com/v1/projects/infinitycoders-ed9b4/databases/(default)/collectionGroups/-/fields?filter=indexConfig.usesAncestorConfig=false OR ttlConfig:* {"error":{"code":404,"message":"Project 'infinitycoders-ed9b4' or database '(default)' does not exist.","status":"NOT_FOUND"}}
[info] 
=== Functions Setup
[debug] [2025-08-08T00:15:01.393Z] > command requires scopes: ["email","openid","https://www.googleapis.com/auth/cloudplatformprojects.readonly","https://www.googleapis.com/auth/firebase","https://www.googleapis.com/auth/cloud-platform"]
[debug] [2025-08-08T00:15:01.394Z] > authorizing via signed-in user (infinitycoderscol@gmail.com)
[debug] [2025-08-08T00:15:01.394Z] [iam] checking project infinitycoders-ed9b4 for permissions ["firebase.projects.get"]
[debug] [2025-08-08T00:15:01.394Z] Checked if tokens are valid: true, expires at: 1754615451343
[debug] [2025-08-08T00:15:01.394Z] Checked if tokens are valid: true, expires at: 1754615451343
[debug] [2025-08-08T00:15:01.394Z] >>> [apiv2][query] POST https://cloudresourcemanager.googleapis.com/v1/projects/infinitycoders-ed9b4:testIamPermissions [none]
[debug] [2025-08-08T00:15:01.394Z] >>> [apiv2][(partial)header] POST https://cloudresourcemanager.googleapis.com/v1/projects/infinitycoders-ed9b4:testIamPermissions x-goog-quota-user=projects/infinitycoders-ed9b4
[debug] [2025-08-08T00:15:01.394Z] >>> [apiv2][body] POST https://cloudresourcemanager.googleapis.com/v1/projects/infinitycoders-ed9b4:testIamPermissions {"permissions":["firebase.projects.get"]}
[debug] [2025-08-08T00:15:01.558Z] <<< [apiv2][status] POST https://cloudresourcemanager.googleapis.com/v1/projects/infinitycoders-ed9b4:testIamPermissions 200
[debug] [2025-08-08T00:15:01.558Z] <<< [apiv2][body] POST https://cloudresourcemanager.googleapis.com/v1/projects/infinitycoders-ed9b4:testIamPermissions {"permissions":["firebase.projects.get"]}
[debug] [2025-08-08T00:15:01.559Z] Checked if tokens are valid: true, expires at: 1754615451343
[debug] [2025-08-08T00:15:01.559Z] Checked if tokens are valid: true, expires at: 1754615451343
[debug] [2025-08-08T00:15:01.559Z] Checked if tokens are valid: true, expires at: 1754615451343
[debug] [2025-08-08T00:15:01.559Z] Checked if tokens are valid: true, expires at: 1754615451343
[debug] [2025-08-08T00:15:01.560Z] >>> [apiv2][query] GET https://serviceusage.googleapis.com/v1/projects/infinitycoders-ed9b4/services/cloudfunctions.googleapis.com [none]
[debug] [2025-08-08T00:15:01.560Z] >>> [apiv2][(partial)header] GET https://serviceusage.googleapis.com/v1/projects/infinitycoders-ed9b4/services/cloudfunctions.googleapis.com x-goog-quota-user=projects/infinitycoders-ed9b4
[debug] [2025-08-08T00:15:01.563Z] >>> [apiv2][query] GET https://serviceusage.googleapis.com/v1/projects/infinitycoders-ed9b4/services/runtimeconfig.googleapis.com [none]
[debug] [2025-08-08T00:15:01.563Z] >>> [apiv2][(partial)header] GET https://serviceusage.googleapis.com/v1/projects/infinitycoders-ed9b4/services/runtimeconfig.googleapis.com x-goog-quota-user=projects/infinitycoders-ed9b4
[debug] [2025-08-08T00:15:01.836Z] <<< [apiv2][status] GET https://serviceusage.googleapis.com/v1/projects/infinitycoders-ed9b4/services/runtimeconfig.googleapis.com 200
[debug] [2025-08-08T00:15:01.837Z] <<< [apiv2][body] GET https://serviceusage.googleapis.com/v1/projects/infinitycoders-ed9b4/services/runtimeconfig.googleapis.com [omitted]
[debug] [2025-08-08T00:15:01.845Z] <<< [apiv2][status] GET https://serviceusage.googleapis.com/v1/projects/infinitycoders-ed9b4/services/cloudfunctions.googleapis.com 200
[debug] [2025-08-08T00:15:01.845Z] <<< [apiv2][body] GET https://serviceusage.googleapis.com/v1/projects/infinitycoders-ed9b4/services/cloudfunctions.googleapis.com [omitted]
[debug] [2025-08-08T00:15:01.845Z] Checked if tokens are valid: true, expires at: 1754615451343
[debug] [2025-08-08T00:15:01.845Z] Checked if tokens are valid: true, expires at: 1754615451343
[debug] [2025-08-08T00:15:01.845Z] >>> [apiv2][query] POST https://serviceusage.googleapis.com/v1/projects/infinitycoders-ed9b4/services/cloudfunctions.googleapis.com:enable [none]
[debug] [2025-08-08T00:15:01.845Z] >>> [apiv2][(partial)header] POST https://serviceusage.googleapis.com/v1/projects/infinitycoders-ed9b4/services/cloudfunctions.googleapis.com:enable x-goog-quota-user=projects/infinitycoders-ed9b4
[debug] [2025-08-08T00:15:02.396Z] <<< [apiv2][status] POST https://serviceusage.googleapis.com/v1/projects/infinitycoders-ed9b4/services/cloudfunctions.googleapis.com:enable 200
[debug] [2025-08-08T00:15:02.397Z] <<< [apiv2][body] POST https://serviceusage.googleapis.com/v1/projects/infinitycoders-ed9b4/services/cloudfunctions.googleapis.com:enable [omitted]
[info] Let's create a new codebase for your functions.
[info] A directory corresponding to the codebase will be created in your project
[info] with sample code pre-configured.

[info] See https://firebase.google.com/docs/functions/organize-functions for
[info] more information on organizing your functions using codebases.

[info] Functions can be deployed with firebase deploy.

[info] ✔  Wrote functions/package.json 
[info] ✔  Wrote functions/.eslintrc.js 
[info] ✔  Wrote functions/index.js 
[info] ✔  Wrote functions/.gitignore 
[info] 
=== Hosting Setup
[debug] [2025-08-08T00:15:51.848Z] Checked if tokens are valid: true, expires at: 1754615451343
[debug] [2025-08-08T00:15:51.848Z] Checked if tokens are valid: true, expires at: 1754615451343
[debug] [2025-08-08T00:15:51.848Z] >>> [apiv2][query] GET https://firebase.googleapis.com/v1beta1/projects/infinitycoders-ed9b4 [none]
[debug] [2025-08-08T00:15:52.131Z] <<< [apiv2][status] GET https://firebase.googleapis.com/v1beta1/projects/infinitycoders-ed9b4 200
[debug] [2025-08-08T00:15:52.131Z] <<< [apiv2][body] GET https://firebase.googleapis.com/v1beta1/projects/infinitycoders-ed9b4 {"projectId":"infinitycoders-ed9b4","projectNumber":"945264033285","displayName":"InfinityCoders","name":"projects/infinitycoders-ed9b4","resources":{"hostingSite":"infinitycoders-ed9b4"},"state":"ACTIVE","etag":"1_de237d6a-2d6a-4173-84e4-87ac570e4dab"}
[info] 
[info] Your public directory is the folder (relative to your project directory) that
[info] will contain Hosting assets to be uploaded with firebase deploy. If you
[info] have a build process for your assets, use your build's output directory.
[info] 
